<?xml version="1.0" encoding="utf-8"?><testsuites><testsuite name="pytest" errors="0" failures="0" skipped="0" tests="3" time="19.755" timestamp="2024-06-08T12:27:58.981426" hostname="Suneels-MacBook-Air.local"><testcase classname="test_HomePage.Test_HomePage" name="test_formsubmission[getdata0]" time="6.852" /><testcase classname="test_HomePage.Test_HomePage" name="test_formsubmission[getdata1]" time="1.192" /><testcase classname="test_end2end.TestOne" name="test_end2end" time="11.681" /></testsuite></testsuites>